<?xml version="1.0" encoding="UTF-8"?>
<testsuite xmlns:xsi="http://www.w3.org/2001/XMLSchema-instance" xsi:noNamespaceSchemaLocation="https://maven.apache.org/surefire/maven-surefire-plugin/xsd/surefire-test-report.xsd" name="com.demo.userClient.AppTest" time="0.084" tests="1" errors="0" skipped="0" failures="0">
  <properties>
    <property name="sun.desktop" value="windows"/>
    <property name="awt.toolkit" value="sun.awt.windows.WToolkit"/>
    <property name="file.encoding.pkg" value="sun.io"/>
    <property name="java.specification.version" value="1.8"/>
    <property name="sun.cpu.isalist" value="amd64"/>
    <property name="sun.jnu.encoding" value="GBK"/>
    <property name="java.class.path" value="D:\GitHubWorkSpace\user-client\target\test-classes;D:\GitHubWorkSpace\user-client\target\classes;D:\repository\junit\junit\4.11\junit-4.11.jar;D:\repository\org\hamcrest\hamcrest-core\1.3\hamcrest-core-1.3.jar;D:\repository\org\apache\dubbo\dubbo\2.7.5\dubbo-2.7.5.jar;D:\repository\org\springframework\spring-context\4.3.16.RELEASE\spring-context-4.3.16.RELEASE.jar;D:\repository\org\springframework\spring-aop\4.3.16.RELEASE\spring-aop-4.3.16.RELEASE.jar;D:\repository\org\springframework\spring-beans\4.3.16.RELEASE\spring-beans-4.3.16.RELEASE.jar;D:\repository\org\springframework\spring-core\4.3.16.RELEASE\spring-core-4.3.16.RELEASE.jar;D:\repository\commons-logging\commons-logging\1.2\commons-logging-1.2.jar;D:\repository\org\springframework\spring-expression\4.3.16.RELEASE\spring-expression-4.3.16.RELEASE.jar;D:\repository\com\alibaba\spring\spring-context-support\1.0.5\spring-context-support-1.0.5.jar;D:\repository\org\javassist\javassist\3.20.0-GA\javassist-3.20.0-GA.jar;D:\repository\io\netty\netty-all\4.1.25.Final\netty-all-4.1.25.Final.jar;D:\repository\com\google\code\gson\gson\2.8.5\gson-2.8.5.jar;D:\repository\org\yaml\snakeyaml\1.20\snakeyaml-1.20.jar;D:\repository\org\slf4j\slf4j-api\1.7.26\slf4j-api-1.7.26.jar;D:\repository\ch\qos\logback\logback-classic\1.2.3\logback-classic-1.2.3.jar;D:\repository\ch\qos\logback\logback-core\1.2.3\logback-core-1.2.3.jar;D:\repository\org\apache\curator\curator-framework\4.0.1\curator-framework-4.0.1.jar;D:\repository\org\apache\curator\curator-client\4.0.1\curator-client-4.0.1.jar;D:\repository\org\apache\zookeeper\zookeeper\3.5.3-beta\zookeeper-3.5.3-beta.jar;D:\repository\commons-cli\commons-cli\1.2\commons-cli-1.2.jar;D:\repository\log4j\log4j\1.2.17\log4j-1.2.17.jar;D:\repository\io\netty\netty\3.10.5.Final\netty-3.10.5.Final.jar;D:\repository\com\google\guava\guava\20.0\guava-20.0.jar;D:\repository\org\apache\curator\curator-recipes\4.0.1\curator-recipes-4.0.1.jar;D:\repository\com\demo\userService\user-api\1.0-SNAPSHOT\user-api-1.0-SNAPSHOT.jar;"/>
    <property name="java.vm.vendor" value="Oracle Corporation"/>
    <property name="sun.arch.data.model" value="64"/>
    <property name="user.variant" value=""/>
    <property name="java.vendor.url" value="http://java.oracle.com/"/>
    <property name="user.timezone" value="Asia/Shanghai"/>
    <property name="java.vm.specification.version" value="1.8"/>
    <property name="os.name" value="Windows 10"/>
    <property name="user.country" value="CN"/>
    <property name="sun.java.launcher" value="SUN_STANDARD"/>
    <property name="sun.boot.library.path" value="D:\Java\jdk\jre\bin"/>
    <property name="sun.java.command" value="C:\Users\admin\AppData\Local\Temp\surefire3541843873119101347\surefirebooter4397688824963442660.jar C:\Users\admin\AppData\Local\Temp\surefire3541843873119101347 2020-01-22T18-39-20_628-jvmRun1 surefire530843872116470175tmp surefire_07596724484662392356tmp"/>
    <property name="surefire.test.class.path" value="D:\GitHubWorkSpace\user-client\target\test-classes;D:\GitHubWorkSpace\user-client\target\classes;D:\repository\junit\junit\4.11\junit-4.11.jar;D:\repository\org\hamcrest\hamcrest-core\1.3\hamcrest-core-1.3.jar;D:\repository\org\apache\dubbo\dubbo\2.7.5\dubbo-2.7.5.jar;D:\repository\org\springframework\spring-context\4.3.16.RELEASE\spring-context-4.3.16.RELEASE.jar;D:\repository\org\springframework\spring-aop\4.3.16.RELEASE\spring-aop-4.3.16.RELEASE.jar;D:\repository\org\springframework\spring-beans\4.3.16.RELEASE\spring-beans-4.3.16.RELEASE.jar;D:\repository\org\springframework\spring-core\4.3.16.RELEASE\spring-core-4.3.16.RELEASE.jar;D:\repository\commons-logging\commons-logging\1.2\commons-logging-1.2.jar;D:\repository\org\springframework\spring-expression\4.3.16.RELEASE\spring-expression-4.3.16.RELEASE.jar;D:\repository\com\alibaba\spring\spring-context-support\1.0.5\spring-context-support-1.0.5.jar;D:\repository\org\javassist\javassist\3.20.0-GA\javassist-3.20.0-GA.jar;D:\repository\io\netty\netty-all\4.1.25.Final\netty-all-4.1.25.Final.jar;D:\repository\com\google\code\gson\gson\2.8.5\gson-2.8.5.jar;D:\repository\org\yaml\snakeyaml\1.20\snakeyaml-1.20.jar;D:\repository\org\slf4j\slf4j-api\1.7.26\slf4j-api-1.7.26.jar;D:\repository\ch\qos\logback\logback-classic\1.2.3\logback-classic-1.2.3.jar;D:\repository\ch\qos\logback\logback-core\1.2.3\logback-core-1.2.3.jar;D:\repository\org\apache\curator\curator-framework\4.0.1\curator-framework-4.0.1.jar;D:\repository\org\apache\curator\curator-client\4.0.1\curator-client-4.0.1.jar;D:\repository\org\apache\zookeeper\zookeeper\3.5.3-beta\zookeeper-3.5.3-beta.jar;D:\repository\commons-cli\commons-cli\1.2\commons-cli-1.2.jar;D:\repository\log4j\log4j\1.2.17\log4j-1.2.17.jar;D:\repository\io\netty\netty\3.10.5.Final\netty-3.10.5.Final.jar;D:\repository\com\google\guava\guava\20.0\guava-20.0.jar;D:\repository\org\apache\curator\curator-recipes\4.0.1\curator-recipes-4.0.1.jar;D:\repository\com\demo\userService\user-api\1.0-SNAPSHOT\user-api-1.0-SNAPSHOT.jar;"/>
    <property name="sun.cpu.endian" value="little"/>
    <property name="user.home" value="C:\Users\admin"/>
    <property name="user.language" value="zh"/>
    <property name="java.specification.vendor" value="Oracle Corporation"/>
    <property name="java.home" value="D:\Java\jdk\jre"/>
    <property name="basedir" value="D:\GitHubWorkSpace\user-client"/>
    <property name="file.separator" value="\"/>
    <property name="line.separator" value="&#10;"/>
    <property name="java.vm.specification.vendor" value="Oracle Corporation"/>
    <property name="java.specification.name" value="Java Platform API Specification"/>
    <property name="java.awt.graphicsenv" value="sun.awt.Win32GraphicsEnvironment"/>
    <property name="surefire.real.class.path" value="C:\Users\admin\AppData\Local\Temp\surefire3541843873119101347\surefirebooter4397688824963442660.jar"/>
    <property name="sun.boot.class.path" value="D:\Java\jdk\jre\lib\resources.jar;D:\Java\jdk\jre\lib\rt.jar;D:\Java\jdk\jre\lib\sunrsasign.jar;D:\Java\jdk\jre\lib\jsse.jar;D:\Java\jdk\jre\lib\jce.jar;D:\Java\jdk\jre\lib\charsets.jar;D:\Java\jdk\jre\lib\jfr.jar;D:\Java\jdk\jre\classes"/>
    <property name="user.script" value=""/>
    <property name="sun.management.compiler" value="HotSpot 64-Bit Tiered Compilers"/>
    <property name="java.runtime.version" value="1.8.0_151-b12"/>
    <property name="user.name" value="admin"/>
    <property name="path.separator" value=";"/>
    <property name="os.version" value="10.0"/>
    <property name="java.endorsed.dirs" value="D:\Java\jdk\jre\lib\endorsed"/>
    <property name="java.runtime.name" value="Java(TM) SE Runtime Environment"/>
    <property name="file.encoding" value="GBK"/>
    <property name="java.vm.name" value="Java HotSpot(TM) 64-Bit Server VM"/>
    <property name="localRepository" value="D:\repository"/>
    <property name="java.vendor.url.bug" value="http://bugreport.sun.com/bugreport/"/>
    <property name="java.io.tmpdir" value="C:\Users\admin\AppData\Local\Temp\"/>
    <property name="idea.version" value="2018.1.4"/>
    <property name="java.version" value="1.8.0_151"/>
    <property name="user.dir" value="D:\GitHubWorkSpace\user-client"/>
    <property name="os.arch" value="amd64"/>
    <property name="java.vm.specification.name" value="Java Virtual Machine Specification"/>
    <property name="java.awt.printerjob" value="sun.awt.windows.WPrinterJob"/>
    <property name="sun.os.patch.level" value=""/>
    <property name="java.library.path" value="D:\Java\jdk\jre\bin;C:\WINDOWS\Sun\Java\bin;C:\WINDOWS\system32;C:\WINDOWS;E:\XSheel6\;C:\ProgramData\Oracle\Java\javapath;C:;D:\Java\jdk\bin;D:\Java\jdk\jre\bin;C:\Program Files (x86)\Intel\iCLS Client\;C:\Program Files\Intel\iCLS Client\;C:\Windows\system32;C:\Windows;C:\Windows\System32\Wbem;C:\Windows\System32\WindowsPowerShell\v1.0\;C:\Program Files (x86)\Intel\Intel(R) Management Engine Components\DAL;C:\Program Files\Intel\Intel(R) Management Engine Components\DAL;C:\Program Files (x86)\Intel\Intel(R) Management Engine Components\IPT;C:\Program Files\Intel\Intel(R) Management Engine Components\IPT;C:\Program Files (x86)\NVIDIA Corporation\PhysX\Common;E:\TortoiseSVN\bin;D:\apache-maven-3.5.0-bin\apache-maven-3.5.0\bin;E:\mysql\mysql-5.7.20-winx64\bin;C:\Program Files\MySQL\MySQL Utilities 1.6\;C:\Program Files\MySQL\MySQL Server 5.7\bin;C:\Program Files\TortoiseGit\bin;C:\WINDOWS\system32;C:\WINDOWS;C:\WINDOWS\System32\Wbem;C:\WINDOWS\System32\WindowsPowerShell\v1.0\;C:\Program Files\nodejs\;C:\Program Files (x86)\Yarn\bin\;E:\Git\Git\bin;;C:\WINDOWS\System32\OpenSSH\;D:\gradle-4.1\bin;C:\Users\admin\AppData\Local\Microsoft\WindowsApps;C:\Users\admin\AppData\Roaming\npm;C:\Users\admin\AppData\Local\Yarn\bin;C:\Users\admin\AppData\Local\Programs\Fiddler;C:\Users\admin\AppData\Local\BypassRuntm;%USERPROFILE%\AppData\Local\Microsoft\WindowsApps;;."/>
    <property name="java.vm.info" value="mixed mode"/>
    <property name="java.vendor" value="Oracle Corporation"/>
    <property name="java.vm.version" value="25.151-b12"/>
    <property name="java.ext.dirs" value="D:\Java\jdk\jre\lib\ext;C:\WINDOWS\Sun\Java\lib\ext"/>
    <property name="sun.io.unicode.encoding" value="UnicodeLittle"/>
    <property name="java.class.version" value="52.0"/>
  </properties>
  <testcase name="shouldAnswerWithTrue" classname="com.demo.userClient.AppTest" time="0.002"/>
</testsuite>